TN:
SF:lib/core/controller/controller.dart
FNF:0
FNH:0
DA:10,7
DA:11,7
DA:18,7
DA:20,14
DA:24,4
DA:27,8
DA:31,7
LF:7
LH:7
end_of_record
TN:
SF:lib/core/controller/controller_injector.dart
FNF:0
FNH:0
DA:11,7
DA:14,7
DA:15,21
DA:19,4
DA:20,16
LF:5
LH:5
end_of_record
TN:
SF:lib/core/controller/controller_instance.dart
FNF:0
FNH:0
DA:7,7
DA:8,14
DA:10,7
DA:11,14
LF:4
LH:4
end_of_record
TN:
SF:lib/core/di/injector.dart
FNF:0
FNH:0
DA:6,14
DA:9,42
DA:12,28
DA:15,14
DA:16,28
DA:17,8
DA:19,28
DA:23,14
DA:24,28
DA:25,28
DA:29,5
DA:30,10
DA:31,10
DA:35,1
DA:36,2
DA:37,2
DA:40,13
DA:41,26
LF:18
LH:18
end_of_record
TN:
SF:lib/core/entities/i_model.dart
FNF:0
FNH:0
DA:6,0
LF:1
LH:0
end_of_record
TN:
SF:lib/core/errors/failure.dart
FNF:0
FNH:0
DA:6,12
LF:1
LH:1
end_of_record
TN:
SF:lib/core/helpers/hive.dart
FNF:0
FNH:0
DA:17,1
DA:18,1
DA:21,3
DA:24,3
DA:25,3
DA:26,3
DA:27,3
DA:28,3
DA:31,2
DA:32,2
LF:10
LH:10
end_of_record
TN:
SF:lib/core/use-case/use_case_injection.dart
FNF:0
FNH:0
DA:9,8
DA:10,8
DA:11,8
LF:3
LH:3
end_of_record
TN:
SF:lib/core/widgets/toast/error.dart
FNF:0
FNH:0
DA:6,8
LF:1
LH:1
end_of_record
TN:
SF:lib/core/widgets/toast/i_toast.dart
FNF:0
FNH:0
DA:12,5
DA:14,0
DA:16,0
DA:17,0
DA:19,0
DA:21,0
DA:22,0
DA:23,0
DA:33,5
DA:34,10
DA:36,0
DA:38,0
DA:39,0
DA:40,0
DA:41,0
LF:15
LH:3
end_of_record
TN:
SF:lib/core/widgets/toast/success.dart
FNF:0
FNH:0
DA:6,8
LF:1
LH:1
end_of_record
TN:
SF:lib/main.dart
FNF:0
FNH:0
DA:5,15
DA:7,0
DA:8,0
DA:9,0
DA:11,0
DA:15,13
DA:17,0
DA:19,0
DA:22,0
DA:23,0
LF:10
LH:2
end_of_record
TN:
SF:lib/modules/assets/data/model/asset_model.dart
FNF:0
FNH:0
DA:23,5
LF:1
LH:1
end_of_record
TN:
SF:lib/modules/assets/domain/repositories/assets_repository.dart
FNF:0
FNH:0
DA:14,2
DA:15,6
DA:19,2
DA:22,11
DA:23,2
DA:25,4
DA:30,1
DA:37,3
DA:39,3
DA:40,1
DA:42,4
DA:47,1
DA:50,2
DA:51,1
DA:53,4
LF:15
LH:15
end_of_record
TN:
SF:lib/modules/assets/domain/use_cases/create_home_asset_use_case.dart
FNF:0
FNH:0
DA:15,3
DA:17,4
DA:18,8
DA:19,6
DA:26,1
DA:28,3
DA:30,2
DA:36,3
DA:38,6
DA:41,3
DA:43,18
LF:11
LH:11
end_of_record
TN:
SF:lib/modules/assets/domain/use_cases/delete_home_assets_use_case.dart
FNF:0
FNH:0
DA:13,3
DA:15,4
DA:16,8
DA:17,3
DA:24,2
DA:26,4
DA:28,2
DA:34,2
DA:36,4
DA:39,2
DA:41,12
LF:11
LH:11
end_of_record
TN:
SF:lib/modules/assets/domain/use_cases/get_home_assets_use_case.dart
FNF:0
FNH:0
DA:14,3
DA:16,4
DA:17,8
DA:18,3
DA:25,3
DA:27,6
DA:29,2
DA:35,2
DA:37,4
DA:40,2
DA:42,12
LF:11
LH:11
end_of_record
TN:
SF:lib/modules/assets/domain/use_cases/search_assets_use_case.dart
FNF:0
FNH:0
DA:11,2
DA:13,2
DA:14,4
DA:15,3
DA:22,1
DA:26,1
DA:27,1
DA:28,4
DA:29,4
DA:31,1
DA:32,1
DA:34,0
DA:40,1
DA:43,1
DA:45,4
LF:15
LH:14
end_of_record
TN:
SF:lib/modules/assets/presentation/controllers/search_asset_controller.dart
FNF:0
FNH:0
DA:13,2
DA:15,2
DA:16,2
DA:19,2
DA:20,6
DA:37,1
DA:39,3
DA:42,2
DA:45,3
DA:46,1
DA:47,2
DA:54,1
DA:55,1
DA:56,3
DA:60,2
DA:62,1
DA:63,3
DA:64,3
DA:65,2
DA:69,3
DA:73,2
DA:75,3
DA:76,4
DA:77,4
DA:78,4
DA:79,2
LF:26
LH:26
end_of_record
TN:
SF:lib/modules/assets/presentation/extensions/asset_type_enum_extension.dart
FNF:0
FNH:0
DA:7,3
DA:9,3
DA:11,3
DA:13,3
DA:15,3
DA:17,3
DA:19,3
DA:25,4
DA:27,4
DA:29,4
DA:31,4
DA:33,4
DA:35,4
DA:37,4
LF:14
LH:14
end_of_record
TN:
SF:lib/modules/assets/presentation/views/search_asset_view.dart
FNF:0
FNH:0
DA:8,1
DA:10,1
DA:11,1
DA:20,0
DA:21,0
DA:25,1
DA:27,2
DA:28,1
DA:31,1
DA:33,1
DA:34,1
DA:35,1
DA:36,1
DA:37,1
DA:39,1
DA:40,2
DA:41,1
DA:42,2
DA:45,1
DA:46,1
DA:47,2
DA:48,1
DA:49,1
DA:50,2
DA:51,1
DA:55,1
DA:58,0
DA:59,0
DA:60,0
DA:61,0
DA:62,0
LF:31
LH:24
end_of_record
TN:
SF:lib/modules/assets/presentation/widgets/asset_tile.dart
FNF:0
FNH:0
DA:16,2
DA:18,2
DA:20,2
DA:21,6
DA:22,6
DA:23,2
DA:25,2
DA:26,2
DA:27,2
DA:28,2
DA:29,2
DA:30,2
DA:31,0
DA:33,2
DA:40,2
DA:41,2
DA:42,2
DA:43,2
DA:44,2
DA:45,8
DA:47,2
DA:49,2
DA:51,12
LF:23
LH:22
end_of_record
TN:
SF:lib/modules/homes/data/models/address_model.dart
FNF:0
FNH:0
DA:35,11
DA:45,4
DA:46,4
DA:47,4
DA:48,2
DA:49,2
DA:50,2
DA:51,3
DA:52,3
DA:57,4
DA:59,4
DA:60,8
DA:61,12
DA:63,24
LF:14
LH:14
end_of_record
TN:
SF:lib/modules/homes/data/models/home_model.dart
FNF:0
FNH:0
DA:24,10
DA:27,3
DA:28,8
LF:3
LH:3
end_of_record
TN:
SF:lib/modules/homes/domain/repositories/homes_repository.dart
FNF:0
FNH:0
DA:15,2
DA:16,6
DA:20,1
DA:23,3
DA:24,1
DA:26,0
DA:31,1
DA:41,1
DA:42,2
DA:50,3
DA:52,3
DA:53,1
DA:55,0
DA:60,1
DA:63,3
DA:64,1
DA:66,0
DA:71,1
DA:74,2
DA:76,2
DA:79,2
DA:80,1
DA:82,0
LF:23
LH:19
end_of_record
TN:
SF:lib/modules/homes/domain/use_cases/create_home_use_case.dart
FNF:0
FNH:0
DA:15,4
DA:17,5
DA:18,10
DA:19,6
DA:24,1
DA:33,2
DA:42,2
DA:48,3
DA:50,6
DA:53,3
DA:55,18
LF:11
LH:11
end_of_record
TN:
SF:lib/modules/homes/domain/use_cases/delete_home_use_case.dart
FNF:0
FNH:0
DA:16,4
DA:18,5
DA:19,10
DA:20,6
DA:25,2
DA:27,4
DA:28,2
DA:31,4
DA:32,2
DA:35,4
DA:36,2
DA:37,0
DA:38,0
DA:42,2
DA:44,2
DA:50,3
DA:52,6
DA:53,6
DA:56,3
DA:58,6
DA:59,18
LF:21
LH:19
end_of_record
TN:
SF:lib/modules/homes/domain/use_cases/get_homes_use_case.dart
FNF:0
FNH:0
DA:14,4
DA:16,5
DA:17,16
DA:21,2
DA:23,4
DA:25,2
DA:31,3
DA:33,6
DA:36,3
DA:38,18
LF:10
LH:10
end_of_record
TN:
SF:lib/modules/homes/domain/use_cases/update_home_use_case.dart
FNF:0
FNH:0
DA:14,3
DA:16,4
DA:17,8
DA:18,6
DA:23,0
DA:25,0
DA:27,0
DA:33,2
DA:35,4
DA:38,2
DA:40,12
LF:11
LH:8
end_of_record
TN:
SF:lib/modules/homes/presentation/controllers/home_controller.dart
FNF:0
FNH:0
DA:22,3
DA:24,3
DA:25,9
DA:28,3
DA:29,12
DA:42,9
DA:53,3
DA:54,12
DA:56,3
DA:57,3
DA:58,2
DA:62,9
DA:71,1
DA:72,4
DA:75,1
DA:76,3
DA:77,2
DA:82,1
DA:83,0
DA:87,3
DA:88,1
DA:89,2
DA:91,2
DA:95,2
DA:97,12
DA:99,4
DA:102,6
DA:105,2
DA:108,2
DA:109,6
DA:112,4
DA:114,2
DA:116,1
DA:117,3
DA:119,3
DA:120,2
DA:125,4
LF:37
LH:36
end_of_record
TN:
SF:lib/modules/homes/presentation/controllers/homes_controller.dart
FNF:0
FNH:0
DA:17,4
DA:19,4
DA:21,4
DA:25,18
DA:42,2
DA:43,4
DA:45,2
DA:46,3
DA:47,3
DA:48,2
DA:52,6
DA:59,1
DA:67,2
DA:77,1
DA:78,3
DA:79,2
DA:84,1
DA:85,0
DA:89,3
DA:90,1
DA:91,2
DA:93,2
DA:101,1
DA:103,7
DA:105,2
DA:108,3
DA:111,1
DA:114,1
DA:115,3
DA:118,2
DA:120,1
DA:122,1
DA:123,3
DA:125,3
DA:126,2
DA:131,2
DA:138,2
DA:140,12
DA:142,4
DA:145,6
DA:148,2
DA:151,2
DA:152,6
DA:155,4
DA:157,2
DA:159,2
DA:160,6
DA:162,6
DA:163,4
DA:168,4
DA:172,2
DA:174,4
DA:175,2
LF:53
LH:52
end_of_record
TN:
SF:lib/modules/homes/presentation/controllers/manage_home_controller.dart
FNF:0
FNH:0
DA:17,4
DA:19,4
DA:20,11
DA:23,4
DA:24,15
DA:30,2
DA:36,15
DA:39,18
DA:42,18
DA:45,18
DA:48,18
DA:51,18
DA:56,1
DA:57,2
DA:58,2
DA:59,2
DA:60,2
DA:61,2
DA:62,2
DA:63,2
DA:66,1
DA:72,1
DA:73,2
DA:74,2
DA:75,3
DA:76,2
DA:77,2
DA:78,2
DA:79,2
DA:80,2
DA:83,2
DA:84,1
DA:93,1
DA:94,3
DA:97,3
DA:101,4
DA:103,8
DA:104,8
DA:105,8
DA:106,8
DA:107,8
DA:108,8
DA:109,4
LF:43
LH:43
end_of_record
TN:
SF:lib/modules/homes/presentation/views/home_view.dart
FNF:0
FNH:0
DA:15,2
DA:17,2
DA:18,2
DA:22,8
DA:28,1
DA:30,1
DA:31,1
DA:32,5
DA:37,0
DA:44,1
DA:46,1
DA:47,1
DA:48,3
DA:53,0
DA:56,2
DA:58,2
DA:59,4
DA:62,2
DA:64,4
DA:65,2
DA:68,2
DA:70,2
DA:71,4
DA:72,2
DA:73,2
DA:74,2
DA:75,6
DA:76,4
DA:77,8
DA:78,6
DA:80,2
DA:81,2
DA:83,2
DA:84,4
DA:85,2
DA:89,2
DA:92,1
DA:95,1
DA:96,1
DA:97,1
DA:98,6
DA:105,2
DA:106,2
LF:43
LH:41
end_of_record
TN:
SF:lib/modules/homes/presentation/views/homes_view.dart
FNF:0
FNH:0
DA:9,14
DA:11,1
DA:12,1
DA:18,1
DA:20,1
DA:21,2
DA:24,1
DA:26,2
DA:27,1
DA:30,1
DA:32,1
DA:33,5
DA:34,1
DA:35,1
DA:37,1
DA:38,2
DA:39,1
DA:43,1
DA:46,1
DA:49,1
DA:50,1
DA:51,1
DA:52,5
DA:59,1
DA:60,4
LF:25
LH:25
end_of_record
TN:
SF:lib/modules/homes/presentation/views/manage_home_view.dart
FNF:0
FNH:0
DA:7,0
DA:8,0
DA:9,0
DA:19,15
DA:21,3
DA:22,3
DA:26,9
DA:28,12
DA:30,0
DA:31,0
DA:34,3
DA:36,6
DA:37,3
DA:40,3
DA:42,3
DA:43,3
DA:44,9
DA:45,6
DA:47,3
DA:48,3
DA:50,3
DA:51,6
DA:52,3
DA:55,3
DA:56,3
DA:57,6
DA:58,3
DA:59,0
DA:62,3
DA:63,6
DA:64,3
DA:65,0
DA:66,0
DA:67,0
DA:74,3
DA:75,6
DA:76,3
DA:79,3
DA:80,6
DA:81,3
DA:82,0
DA:83,0
DA:84,0
DA:91,3
DA:92,6
DA:93,3
DA:94,3
DA:96,3
DA:98,6
DA:99,9
DA:100,3
DA:101,0
DA:102,0
DA:107,3
DA:108,6
DA:109,3
DA:111,6
DA:112,0
DA:113,0
DA:116,0
DA:127,3
DA:128,3
LF:62
LH:45
end_of_record
TN:
SF:lib/modules/homes/presentation/widgets/home_tile.dart
FNF:0
FNH:0
DA:14,2
DA:16,2
DA:18,2
DA:19,6
DA:20,8
DA:21,6
DA:22,2
DA:23,2
DA:24,2
DA:25,2
DA:26,2
DA:27,0
DA:29,2
DA:36,2
DA:37,2
DA:39,6
DA:40,6
DA:42,2
DA:43,2
DA:44,2
DA:45,2
DA:46,8
DA:48,2
DA:50,14
LF:24
LH:23
end_of_record
